INFO [2016-02-28 01:12:45,766] clojure-agent-send-off-pool-1 - riemann.transport.websockets - Websockets server 0.0.0.0 5556 online
INFO [2016-02-28 01:12:45,816] clojure-agent-send-off-pool-0 - riemann.transport.tcp - TCP server 0.0.0.0 5555 online
INFO [2016-02-28 01:12:45,819] clojure-agent-send-off-pool-2 - riemann.transport.udp - UDP server 0.0.0.0 5555 16384 -1 online
INFO [2016-02-28 01:12:45,822] main - riemann.core - Hyperspace core online
ERROR [2016-02-28 01:18:37,787] nREPL-worker-0 - riemann.bin - Couldn't start
java.lang.IllegalAccessError: doit does not exist, compiling:(aleph/netty.clj:1:1)
	at clojure.lang.Compiler.load(Compiler.java:7391)
	at clojure.lang.RT.loadResourceScript(RT.java:372)
	at clojure.lang.RT.loadResourceScript(RT.java:363)
	at clojure.lang.RT.load(RT.java:453)
	at clojure.lang.RT.load(RT.java:419)
	at clojure.core$load$fn__5677.invoke(core.clj:5893)
	at clojure.core$load.invokeStatic(core.clj:5892)
	at clojure.core$load.doInvoke(core.clj:5876)
	at clojure.lang.RestFn.invoke(RestFn.java:408)
	at clojure.core$load_one.invokeStatic(core.clj:5697)
	at clojure.core$load_one.invoke(core.clj:5692)
	at clojure.core$load_lib$fn__5626.invoke(core.clj:5737)
	at clojure.core$load_lib.invokeStatic(core.clj:5736)
	at clojure.core$load_lib.doInvoke(core.clj:5717)
	at clojure.lang.RestFn.applyTo(RestFn.java:142)
	at clojure.core$apply.invokeStatic(core.clj:648)
	at clojure.core$load_libs.invokeStatic(core.clj:5774)
	at clojure.core$load_libs.doInvoke(core.clj:5758)
	at clojure.lang.RestFn.applyTo(RestFn.java:137)
	at clojure.core$apply.invokeStatic(core.clj:648)
	at clojure.core$require.invokeStatic(core.clj:5796)
	at clojure.core$require.doInvoke(core.clj:5796)
	at clojure.lang.RestFn.invoke(RestFn.java:551)
	at aleph.http.core$eval1330$loading__5569__auto____1331.invoke(core.clj:1)
	at aleph.http.core$eval1330.invokeStatic(core.clj:1)
	at aleph.http.core$eval1330.invoke(core.clj:1)
	at clojure.lang.Compiler.eval(Compiler.java:6927)
	at clojure.lang.Compiler.eval(Compiler.java:6916)
	at clojure.lang.Compiler.load(Compiler.java:7379)
	at clojure.lang.RT.loadResourceScript(RT.java:372)
	at clojure.lang.RT.loadResourceScript(RT.java:363)
	at clojure.lang.RT.load(RT.java:453)
	at clojure.lang.RT.load(RT.java:419)
	at clojure.core$load$fn__5677.invoke(core.clj:5893)
	at clojure.core$load.invokeStatic(core.clj:5892)
	at clojure.core$load.doInvoke(core.clj:5876)
	at clojure.lang.RestFn.invoke(RestFn.java:408)
	at clojure.core$load_one.invokeStatic(core.clj:5697)
	at clojure.core$load_one.invoke(core.clj:5692)
	at clojure.core$load_lib$fn__5626.invoke(core.clj:5737)
	at clojure.core$load_lib.invokeStatic(core.clj:5736)
	at clojure.core$load_lib.doInvoke(core.clj:5717)
	at clojure.lang.RestFn.applyTo(RestFn.java:142)
	at clojure.core$apply.invokeStatic(core.clj:648)
	at clojure.core$load_libs.invokeStatic(core.clj:5774)
	at clojure.core$load_libs.doInvoke(core.clj:5758)
	at clojure.lang.RestFn.applyTo(RestFn.java:137)
	at clojure.core$apply.invokeStatic(core.clj:648)
	at clojure.core$require.invokeStatic(core.clj:5796)
	at clojure.core$require.doInvoke(core.clj:5796)
	at clojure.lang.RestFn.invoke(RestFn.java:551)
	at aleph.http.server$eval1324$loading__5569__auto____1325.invoke(server.clj:1)
	at aleph.http.server$eval1324.invokeStatic(server.clj:1)
	at aleph.http.server$eval1324.invoke(server.clj:1)
	at clojure.lang.Compiler.eval(Compiler.java:6927)
	at clojure.lang.Compiler.eval(Compiler.java:6916)
	at clojure.lang.Compiler.load(Compiler.java:7379)
	at clojure.lang.RT.loadResourceScript(RT.java:372)
	at clojure.lang.RT.loadResourceScript(RT.java:363)
	at clojure.lang.RT.load(RT.java:453)
	at clojure.lang.RT.load(RT.java:419)
	at clojure.core$load$fn__5677.invoke(core.clj:5893)
	at clojure.core$load.invokeStatic(core.clj:5892)
	at clojure.core$load.doInvoke(core.clj:5876)
	at clojure.lang.RestFn.invoke(RestFn.java:408)
	at clojure.core$load_one.invokeStatic(core.clj:5697)
	at clojure.core$load_one.invoke(core.clj:5692)
	at clojure.core$load_lib$fn__5626.invoke(core.clj:5737)
	at clojure.core$load_lib.invokeStatic(core.clj:5736)
	at clojure.core$load_lib.doInvoke(core.clj:5717)
	at clojure.lang.RestFn.applyTo(RestFn.java:142)
	at clojure.core$apply.invokeStatic(core.clj:648)
	at clojure.core$load_libs.invokeStatic(core.clj:5778)
	at clojure.core$load_libs.doInvoke(core.clj:5758)
	at clojure.lang.RestFn.applyTo(RestFn.java:137)
	at clojure.core$apply.invokeStatic(core.clj:648)
	at clojure.core$require.invokeStatic(core.clj:5796)
	at clojure.core$require.doInvoke(core.clj:5796)
	at clojure.lang.RestFn.invoke(RestFn.java:457)
	at aleph.http$eval390$loading__5569__auto____391.invoke(http.clj:1)
	at aleph.http$eval390.invokeStatic(http.clj:1)
	at aleph.http$eval390.invoke(http.clj:1)
	at clojure.lang.Compiler.eval(Compiler.java:6927)
	at clojure.lang.Compiler.eval(Compiler.java:6916)
	at clojure.lang.Compiler.load(Compiler.java:7379)
	at clojure.lang.RT.loadResourceScript(RT.java:372)
	at clojure.lang.RT.loadResourceScript(RT.java:363)
	at clojure.lang.RT.load(RT.java:453)
	at clojure.lang.RT.load(RT.java:419)
	at clojure.core$load$fn__5677.invoke(core.clj:5893)
	at clojure.core$load.invokeStatic(core.clj:5892)
	at clojure.core$load.doInvoke(core.clj:5876)
	at clojure.lang.RestFn.invoke(RestFn.java:408)
	at clojure.core$load_one.invokeStatic(core.clj:5697)
	at clojure.core$load_one.invoke(core.clj:5692)
	at clojure.core$load_lib$fn__5626.invoke(core.clj:5737)
	at clojure.core$load_lib.invokeStatic(core.clj:5736)
	at clojure.core$load_lib.doInvoke(core.clj:5717)
	at clojure.lang.RestFn.applyTo(RestFn.java:142)
	at clojure.core$apply.invokeStatic(core.clj:648)
	at clojure.core$load_libs.invokeStatic(core.clj:5774)
	at clojure.core$load_libs.doInvoke(core.clj:5758)
	at clojure.lang.RestFn.applyTo(RestFn.java:137)
	at clojure.core$apply.invokeStatic(core.clj:648)
	at clojure.core$require.invokeStatic(core.clj:5796)
	at clojure.core$require.doInvoke(core.clj:5796)
	at clojure.lang.RestFn.invoke(RestFn.java:408)
	at riemann.config$eval386.invokeStatic(riemann.config:6)
	at riemann.config$eval386.invoke(riemann.config:6)
	at clojure.lang.Compiler.eval(Compiler.java:6927)
	at clojure.lang.Compiler.load(Compiler.java:7379)
	at clojure.lang.Compiler.loadFile(Compiler.java:7317)
	at clojure.lang.RT$3.invoke(RT.java:320)
	at riemann.config$include.invoke(config.clj:408)
	at riemann.bin$_main.invoke(bin.clj:68)
	at riemann.bin$_main.invoke(bin.clj:58)
	at user$eval382.invokeStatic(form-init573634069473235797.clj:1)
	at user$eval382.invoke(form-init573634069473235797.clj:1)
	at clojure.lang.Compiler.eval(Compiler.java:6927)
	at clojure.lang.Compiler.eval(Compiler.java:6890)
	at clojure.core$eval.invokeStatic(core.clj:3105)
	at clojure.core$eval.invoke(core.clj:3101)
	at clojure.main$repl$read_eval_print__7408$fn__7411.invoke(main.clj:240)
	at clojure.main$repl$read_eval_print__7408.invoke(main.clj:240)
	at clojure.main$repl$fn__7417.invoke(main.clj:258)
	at clojure.main$repl.invokeStatic(main.clj:258)
	at clojure.main$repl.doInvoke(main.clj:174)
	at clojure.lang.RestFn.invoke(RestFn.java:1523)
	at clojure.tools.nrepl.middleware.interruptible_eval$evaluate$fn__7390.invoke(interruptible_eval.clj:72)
	at clojure.lang.AFn.applyToHelper(AFn.java:152)
	at clojure.lang.AFn.applyTo(AFn.java:144)
	at clojure.core$apply.invokeStatic(core.clj:646)
	at clojure.core$with_bindings_STAR_.invokeStatic(core.clj:1881)
	at clojure.core$with_bindings_STAR_.doInvoke(core.clj:1881)
	at clojure.lang.RestFn.invoke(RestFn.java:425)
	at clojure.tools.nrepl.middleware.interruptible_eval$evaluate.invoke(interruptible_eval.clj:56)
	at clojure.tools.nrepl.middleware.interruptible_eval$interruptible_eval$fn__7432$fn__7435.invoke(interruptible_eval.clj:191)
	at clojure.tools.nrepl.middleware.interruptible_eval$run_next$fn__7427.invoke(interruptible_eval.clj:159)
	at clojure.lang.AFn.run(AFn.java:22)
	at java.util.concurrent.ThreadPoolExecutor.runWorker(ThreadPoolExecutor.java:1142)
	at java.util.concurrent.ThreadPoolExecutor$Worker.run(ThreadPoolExecutor.java:617)
	at java.lang.Thread.run(Thread.java:745)
Caused by: java.lang.IllegalAccessError: doit does not exist
	at clojure.core$refer.invokeStatic(core.clj:4119)
	at clojure.core$refer.doInvoke(core.clj:4087)
	at clojure.lang.RestFn.applyTo(RestFn.java:139)
	at clojure.core$apply.invokeStatic(core.clj:648)
	at clojure.core$load_lib.invokeStatic(core.clj:5755)
	at clojure.core$load_lib.doInvoke(core.clj:5717)
	at clojure.lang.RestFn.applyTo(RestFn.java:142)
	at clojure.core$apply.invokeStatic(core.clj:648)
	at clojure.core$load_libs.invokeStatic(core.clj:5774)
	at clojure.core$load_libs.doInvoke(core.clj:5758)
	at clojure.lang.RestFn.applyTo(RestFn.java:137)
	at clojure.core$apply.invokeStatic(core.clj:648)
	at clojure.core$require.invokeStatic(core.clj:5796)
	at clojure.core$require.doInvoke(core.clj:5796)
	at clojure.lang.RestFn.invoke(RestFn.java:619)
	at aleph.netty$eval8897$loading__5569__auto____8898.invoke(netty.clj:1)
	at aleph.netty$eval8897.invokeStatic(netty.clj:1)
	at aleph.netty$eval8897.invoke(netty.clj:1)
	at clojure.lang.Compiler.eval(Compiler.java:6927)
	at clojure.lang.Compiler.eval(Compiler.java:6916)
	at clojure.lang.Compiler.load(Compiler.java:7379)
	... 141 more
INFO [2016-02-28 01:19:10,977] clojure-agent-send-off-pool-8 - riemann.transport.websockets - Websockets server 0.0.0.0 5556 online
INFO [2016-02-28 01:19:11,016] clojure-agent-send-off-pool-7 - riemann.transport.tcp - TCP server 0.0.0.0 5555 online
INFO [2016-02-28 01:19:11,024] clojure-agent-send-off-pool-0 - riemann.transport.udp - UDP server 0.0.0.0 5555 16384 -1 online
INFO [2016-02-28 01:19:11,025] nREPL-worker-1 - riemann.core - Hyperspace core online
INFO [2016-02-28 01:19:45,121] nREPL-worker-1 - riemann.pubsub - Sweeping transient subscriptions.
INFO [2016-02-28 01:19:45,161] nREPL-worker-1 - riemann.core - Hyperspace core online
INFO [2016-02-28 01:19:50,626] nREPL-worker-1 - riemann.pubsub - Sweeping transient subscriptions.
INFO [2016-02-28 01:19:50,651] nREPL-worker-1 - riemann.core - Hyperspace core online
INFO [2016-02-28 01:20:00,931] nREPL-worker-1 - riemann.pubsub - Sweeping transient subscriptions.
ERROR [2016-02-28 01:20:00,962] nREPL-worker-1 - riemann.bin - Couldn't reload:
java.lang.IllegalAccessError: doit does not exist, compiling:(aleph/netty.clj:1:1)
	at clojure.lang.Compiler.load(Compiler.java:7391)
	at clojure.lang.RT.loadResourceScript(RT.java:372)
	at clojure.lang.RT.loadResourceScript(RT.java:363)
	at clojure.lang.RT.load(RT.java:453)
	at clojure.lang.RT.load(RT.java:419)
	at clojure.core$load$fn__5677.invoke(core.clj:5893)
	at clojure.core$load.invokeStatic(core.clj:5892)
	at clojure.core$load.doInvoke(core.clj:5876)
	at clojure.lang.RestFn.invoke(RestFn.java:408)
	at clojure.core$load_one.invokeStatic(core.clj:5697)
	at clojure.core$load_one.invoke(core.clj:5692)
	at clojure.core$load_lib$fn__5626.invoke(core.clj:5737)
	at clojure.core$load_lib.invokeStatic(core.clj:5736)
	at clojure.core$load_lib.doInvoke(core.clj:5717)
	at clojure.lang.RestFn.applyTo(RestFn.java:142)
	at clojure.core$apply.invokeStatic(core.clj:648)
	at clojure.core$load_libs.invokeStatic(core.clj:5774)
	at clojure.core$load_libs.doInvoke(core.clj:5758)
	at clojure.lang.RestFn.applyTo(RestFn.java:137)
	at clojure.core$apply.invokeStatic(core.clj:648)
	at clojure.core$require.invokeStatic(core.clj:5796)
	at clojure.core$require.doInvoke(core.clj:5796)
	at clojure.lang.RestFn.invoke(RestFn.java:551)
	at aleph.http.core$eval10632$loading__5569__auto____10633.invoke(core.clj:1)
	at aleph.http.core$eval10632.invokeStatic(core.clj:1)
	at aleph.http.core$eval10632.invoke(core.clj:1)
	at clojure.lang.Compiler.eval(Compiler.java:6927)
	at clojure.lang.Compiler.eval(Compiler.java:6916)
	at clojure.lang.Compiler.load(Compiler.java:7379)
	at clojure.lang.RT.loadResourceScript(RT.java:372)
	at clojure.lang.RT.loadResourceScript(RT.java:363)
	at clojure.lang.RT.load(RT.java:453)
	at clojure.lang.RT.load(RT.java:419)
	at clojure.core$load$fn__5677.invoke(core.clj:5893)
	at clojure.core$load.invokeStatic(core.clj:5892)
	at clojure.core$load.doInvoke(core.clj:5876)
	at clojure.lang.RestFn.invoke(RestFn.java:408)
	at clojure.core$load_one.invokeStatic(core.clj:5697)
	at clojure.core$load_one.invoke(core.clj:5692)
	at clojure.core$load_lib$fn__5626.invoke(core.clj:5737)
	at clojure.core$load_lib.invokeStatic(core.clj:5736)
	at clojure.core$load_lib.doInvoke(core.clj:5717)
	at clojure.lang.RestFn.applyTo(RestFn.java:142)
	at clojure.core$apply.invokeStatic(core.clj:648)
	at clojure.core$load_libs.invokeStatic(core.clj:5774)
	at clojure.core$load_libs.doInvoke(core.clj:5758)
	at clojure.lang.RestFn.applyTo(RestFn.java:137)
	at clojure.core$apply.invokeStatic(core.clj:648)
	at clojure.core$require.invokeStatic(core.clj:5796)
	at clojure.core$require.doInvoke(core.clj:5796)
	at clojure.lang.RestFn.invoke(RestFn.java:551)
	at aleph.http.server$eval10626$loading__5569__auto____10627.invoke(server.clj:1)
	at aleph.http.server$eval10626.invokeStatic(server.clj:1)
	at aleph.http.server$eval10626.invoke(server.clj:1)
	at clojure.lang.Compiler.eval(Compiler.java:6927)
	at clojure.lang.Compiler.eval(Compiler.java:6916)
	at clojure.lang.Compiler.load(Compiler.java:7379)
	at clojure.lang.RT.loadResourceScript(RT.java:372)
	at clojure.lang.RT.loadResourceScript(RT.java:363)
	at clojure.lang.RT.load(RT.java:453)
	at clojure.lang.RT.load(RT.java:419)
	at clojure.core$load$fn__5677.invoke(core.clj:5893)
	at clojure.core$load.invokeStatic(core.clj:5892)
	at clojure.core$load.doInvoke(core.clj:5876)
	at clojure.lang.RestFn.invoke(RestFn.java:408)
	at clojure.core$load_one.invokeStatic(core.clj:5697)
	at clojure.core$load_one.invoke(core.clj:5692)
	at clojure.core$load_lib$fn__5626.invoke(core.clj:5737)
	at clojure.core$load_lib.invokeStatic(core.clj:5736)
	at clojure.core$load_lib.doInvoke(core.clj:5717)
	at clojure.lang.RestFn.applyTo(RestFn.java:142)
	at clojure.core$apply.invokeStatic(core.clj:648)
	at clojure.core$load_libs.invokeStatic(core.clj:5778)
	at clojure.core$load_libs.doInvoke(core.clj:5758)
	at clojure.lang.RestFn.applyTo(RestFn.java:137)
	at clojure.core$apply.invokeStatic(core.clj:648)
	at clojure.core$require.invokeStatic(core.clj:5796)
	at clojure.core$require.doInvoke(core.clj:5796)
	at clojure.lang.RestFn.invoke(RestFn.java:457)
	at aleph.http$eval10620$loading__5569__auto____10621.invoke(http.clj:1)
	at aleph.http$eval10620.invokeStatic(http.clj:1)
	at aleph.http$eval10620.invoke(http.clj:1)
	at clojure.lang.Compiler.eval(Compiler.java:6927)
	at clojure.lang.Compiler.eval(Compiler.java:6916)
	at clojure.lang.Compiler.load(Compiler.java:7379)
	at clojure.lang.RT.loadResourceScript(RT.java:372)
	at clojure.lang.RT.loadResourceScript(RT.java:363)
	at clojure.lang.RT.load(RT.java:453)
	at clojure.lang.RT.load(RT.java:419)
	at clojure.core$load$fn__5677.invoke(core.clj:5893)
	at clojure.core$load.invokeStatic(core.clj:5892)
	at clojure.core$load.doInvoke(core.clj:5876)
	at clojure.lang.RestFn.invoke(RestFn.java:408)
	at clojure.core$load_one.invokeStatic(core.clj:5697)
	at clojure.core$load_one.invoke(core.clj:5692)
	at clojure.core$load_lib$fn__5626.invoke(core.clj:5737)
	at clojure.core$load_lib.invokeStatic(core.clj:5736)
	at clojure.core$load_lib.doInvoke(core.clj:5717)
	at clojure.lang.RestFn.applyTo(RestFn.java:142)
	at clojure.core$apply.invokeStatic(core.clj:648)
	at clojure.core$load_libs.invokeStatic(core.clj:5774)
	at clojure.core$load_libs.doInvoke(core.clj:5758)
	at clojure.lang.RestFn.applyTo(RestFn.java:137)
	at clojure.core$apply.invokeStatic(core.clj:648)
	at clojure.core$require.invokeStatic(core.clj:5796)
	at clojure.core$require.doInvoke(core.clj:5796)
	at clojure.lang.RestFn.invoke(RestFn.java:408)
	at riemann.config$eval10616.invokeStatic(riemann.config:6)
	at riemann.config$eval10616.invoke(riemann.config:6)
	at clojure.lang.Compiler.eval(Compiler.java:6927)
	at clojure.lang.Compiler.load(Compiler.java:7379)
	at clojure.lang.Compiler.loadFile(Compiler.java:7317)
	at clojure.lang.RT$3.invoke(RT.java:320)
	at riemann.config$include.invoke(config.clj:408)
	at riemann.bin$reload_BANG_.invoke(bin.clj:27)
	at user$eval10610.invokeStatic(form-init573634069473235797.clj:1)
	at user$eval10610.invoke(form-init573634069473235797.clj:1)
	at clojure.lang.Compiler.eval(Compiler.java:6927)
	at clojure.lang.Compiler.eval(Compiler.java:6890)
	at clojure.core$eval.invokeStatic(core.clj:3105)
	at clojure.core$eval.invoke(core.clj:3101)
	at clojure.main$repl$read_eval_print__7408$fn__7411.invoke(main.clj:240)
	at clojure.main$repl$read_eval_print__7408.invoke(main.clj:240)
	at clojure.main$repl$fn__7417.invoke(main.clj:258)
	at clojure.main$repl.invokeStatic(main.clj:258)
	at clojure.main$repl.doInvoke(main.clj:174)
	at clojure.lang.RestFn.invoke(RestFn.java:1523)
	at clojure.tools.nrepl.middleware.interruptible_eval$evaluate$fn__7390.invoke(interruptible_eval.clj:72)
	at clojure.lang.AFn.applyToHelper(AFn.java:152)
	at clojure.lang.AFn.applyTo(AFn.java:144)
	at clojure.core$apply.invokeStatic(core.clj:646)
	at clojure.core$with_bindings_STAR_.invokeStatic(core.clj:1881)
	at clojure.core$with_bindings_STAR_.doInvoke(core.clj:1881)
	at clojure.lang.RestFn.invoke(RestFn.java:425)
	at clojure.tools.nrepl.middleware.interruptible_eval$evaluate.invoke(interruptible_eval.clj:56)
	at clojure.tools.nrepl.middleware.interruptible_eval$interruptible_eval$fn__7432$fn__7435.invoke(interruptible_eval.clj:191)
	at clojure.tools.nrepl.middleware.interruptible_eval$run_next$fn__7427.invoke(interruptible_eval.clj:159)
	at clojure.lang.AFn.run(AFn.java:22)
	at java.util.concurrent.ThreadPoolExecutor.runWorker(ThreadPoolExecutor.java:1142)
	at java.util.concurrent.ThreadPoolExecutor$Worker.run(ThreadPoolExecutor.java:617)
	at java.lang.Thread.run(Thread.java:745)
Caused by: java.lang.IllegalAccessError: doit does not exist
	at clojure.core$refer.invokeStatic(core.clj:4119)
	at clojure.core$refer.doInvoke(core.clj:4087)
	at clojure.lang.RestFn.applyTo(RestFn.java:139)
	at clojure.core$apply.invokeStatic(core.clj:648)
	at clojure.core$load_lib.invokeStatic(core.clj:5755)
	at clojure.core$load_lib.doInvoke(core.clj:5717)
	at clojure.lang.RestFn.applyTo(RestFn.java:142)
	at clojure.core$apply.invokeStatic(core.clj:648)
	at clojure.core$load_libs.invokeStatic(core.clj:5774)
	at clojure.core$load_libs.doInvoke(core.clj:5758)
	at clojure.lang.RestFn.applyTo(RestFn.java:137)
	at clojure.core$apply.invokeStatic(core.clj:648)
	at clojure.core$require.invokeStatic(core.clj:5796)
	at clojure.core$require.doInvoke(core.clj:5796)
	at clojure.lang.RestFn.invoke(RestFn.java:619)
	at aleph.netty$eval10638$loading__5569__auto____10639.invoke(netty.clj:1)
	at aleph.netty$eval10638.invokeStatic(netty.clj:1)
	at aleph.netty$eval10638.invoke(netty.clj:1)
	at clojure.lang.Compiler.eval(Compiler.java:6927)
	at clojure.lang.Compiler.eval(Compiler.java:6916)
	at clojure.lang.Compiler.load(Compiler.java:7379)
	... 140 more
ERROR [2016-02-28 01:22:59,189] nREPL-worker-0 - riemann.bin - Couldn't start
java.lang.ClassNotFoundException: org.httpkit.client, compiling:(/Users/pretzel/code/docker-riemann/riemann.config:9:1)
	at clojure.lang.Compiler.analyze(Compiler.java:6688)
	at clojure.lang.Compiler.analyze(Compiler.java:6625)
	at clojure.lang.Compiler$VectorExpr.parse(Compiler.java:3228)
	at clojure.lang.Compiler.analyze(Compiler.java:6671)
	at clojure.lang.Compiler.analyze(Compiler.java:6625)
	at clojure.lang.Compiler$InvokeExpr.parse(Compiler.java:3834)
	at clojure.lang.Compiler.analyzeSeq(Compiler.java:6870)
	at clojure.lang.Compiler.analyze(Compiler.java:6669)
	at clojure.lang.Compiler.analyze(Compiler.java:6625)
	at clojure.lang.Compiler$BodyExpr$Parser.parse(Compiler.java:6001)
	at clojure.lang.Compiler$FnMethod.parse(Compiler.java:5380)
	at clojure.lang.Compiler$FnExpr.parse(Compiler.java:3972)
	at clojure.lang.Compiler.analyzeSeq(Compiler.java:6866)
	at clojure.lang.Compiler.analyze(Compiler.java:6669)
	at clojure.lang.Compiler.eval(Compiler.java:6924)
	at clojure.lang.Compiler.load(Compiler.java:7379)
	at clojure.lang.Compiler.loadFile(Compiler.java:7317)
	at clojure.lang.RT$3.invoke(RT.java:320)
	at riemann.config$include.invoke(config.clj:408)
	at riemann.bin$_main.invoke(bin.clj:68)
	at riemann.bin$_main.invoke(bin.clj:58)
	at user$eval374.invokeStatic(form-init3547457771809256295.clj:1)
	at user$eval374.invoke(form-init3547457771809256295.clj:1)
	at clojure.lang.Compiler.eval(Compiler.java:6927)
	at clojure.lang.Compiler.eval(Compiler.java:6890)
	at clojure.core$eval.invokeStatic(core.clj:3105)
	at clojure.core$eval.invoke(core.clj:3101)
	at clojure.main$repl$read_eval_print__7408$fn__7411.invoke(main.clj:240)
	at clojure.main$repl$read_eval_print__7408.invoke(main.clj:240)
	at clojure.main$repl$fn__7417.invoke(main.clj:258)
	at clojure.main$repl.invokeStatic(main.clj:258)
	at clojure.main$repl.doInvoke(main.clj:174)
	at clojure.lang.RestFn.invoke(RestFn.java:1523)
	at clojure.tools.nrepl.middleware.interruptible_eval$evaluate$fn__7390.invoke(interruptible_eval.clj:72)
	at clojure.lang.AFn.applyToHelper(AFn.java:152)
	at clojure.lang.AFn.applyTo(AFn.java:144)
	at clojure.core$apply.invokeStatic(core.clj:646)
	at clojure.core$with_bindings_STAR_.invokeStatic(core.clj:1881)
	at clojure.core$with_bindings_STAR_.doInvoke(core.clj:1881)
	at clojure.lang.RestFn.invoke(RestFn.java:425)
	at clojure.tools.nrepl.middleware.interruptible_eval$evaluate.invoke(interruptible_eval.clj:56)
	at clojure.tools.nrepl.middleware.interruptible_eval$interruptible_eval$fn__7432$fn__7435.invoke(interruptible_eval.clj:191)
	at clojure.tools.nrepl.middleware.interruptible_eval$run_next$fn__7427.invoke(interruptible_eval.clj:159)
	at clojure.lang.AFn.run(AFn.java:22)
	at java.util.concurrent.ThreadPoolExecutor.runWorker(ThreadPoolExecutor.java:1142)
	at java.util.concurrent.ThreadPoolExecutor$Worker.run(ThreadPoolExecutor.java:617)
	at java.lang.Thread.run(Thread.java:745)
Caused by: java.lang.ClassNotFoundException: org.httpkit.client
	at java.net.URLClassLoader.findClass(URLClassLoader.java:381)
	at clojure.lang.DynamicClassLoader.findClass(DynamicClassLoader.java:69)
	at java.lang.ClassLoader.loadClass(ClassLoader.java:424)
	at clojure.lang.DynamicClassLoader.loadClass(DynamicClassLoader.java:77)
	at java.lang.ClassLoader.loadClass(ClassLoader.java:357)
	at java.lang.Class.forName0(Native Method)
	at java.lang.Class.forName(Class.java:348)
	at clojure.lang.RT.classForName(RT.java:2168)
	at clojure.lang.RT.classForName(RT.java:2177)
	at clojure.lang.Compiler.resolveIn(Compiler.java:7145)
	at clojure.lang.Compiler.resolve(Compiler.java:7108)
	at clojure.lang.Compiler.analyzeSymbol(Compiler.java:7069)
	at clojure.lang.Compiler.analyze(Compiler.java:6648)
	... 46 more
ERROR [2016-02-28 01:23:00,690] nREPL-worker-0 - riemann.bin - Couldn't start
java.lang.ClassNotFoundException: org.httpkit.client, compiling:(/Users/pretzel/code/docker-riemann/riemann.config:9:1)
	at clojure.lang.Compiler.analyze(Compiler.java:6688)
	at clojure.lang.Compiler.analyze(Compiler.java:6625)
	at clojure.lang.Compiler$VectorExpr.parse(Compiler.java:3228)
	at clojure.lang.Compiler.analyze(Compiler.java:6671)
	at clojure.lang.Compiler.analyze(Compiler.java:6625)
	at clojure.lang.Compiler$InvokeExpr.parse(Compiler.java:3834)
	at clojure.lang.Compiler.analyzeSeq(Compiler.java:6870)
	at clojure.lang.Compiler.analyze(Compiler.java:6669)
	at clojure.lang.Compiler.analyze(Compiler.java:6625)
	at clojure.lang.Compiler$BodyExpr$Parser.parse(Compiler.java:6001)
	at clojure.lang.Compiler$FnMethod.parse(Compiler.java:5380)
	at clojure.lang.Compiler$FnExpr.parse(Compiler.java:3972)
	at clojure.lang.Compiler.analyzeSeq(Compiler.java:6866)
	at clojure.lang.Compiler.analyze(Compiler.java:6669)
	at clojure.lang.Compiler.eval(Compiler.java:6924)
	at clojure.lang.Compiler.load(Compiler.java:7379)
	at clojure.lang.Compiler.loadFile(Compiler.java:7317)
	at clojure.lang.RT$3.invoke(RT.java:320)
	at riemann.config$include.invoke(config.clj:408)
	at riemann.bin$_main.invoke(bin.clj:68)
	at riemann.bin$_main.invoke(bin.clj:58)
	at user$eval379.invokeStatic(form-init3547457771809256295.clj:1)
	at user$eval379.invoke(form-init3547457771809256295.clj:1)
	at clojure.lang.Compiler.eval(Compiler.java:6927)
	at clojure.lang.Compiler.eval(Compiler.java:6890)
	at clojure.core$eval.invokeStatic(core.clj:3105)
	at clojure.core$eval.invoke(core.clj:3101)
	at clojure.main$repl$read_eval_print__7408$fn__7411.invoke(main.clj:240)
	at clojure.main$repl$read_eval_print__7408.invoke(main.clj:240)
	at clojure.main$repl$fn__7417.invoke(main.clj:258)
	at clojure.main$repl.invokeStatic(main.clj:258)
	at clojure.main$repl.doInvoke(main.clj:174)
	at clojure.lang.RestFn.invoke(RestFn.java:1523)
	at clojure.tools.nrepl.middleware.interruptible_eval$evaluate$fn__7390.invoke(interruptible_eval.clj:72)
	at clojure.lang.AFn.applyToHelper(AFn.java:152)
	at clojure.lang.AFn.applyTo(AFn.java:144)
	at clojure.core$apply.invokeStatic(core.clj:646)
	at clojure.core$with_bindings_STAR_.invokeStatic(core.clj:1881)
	at clojure.core$with_bindings_STAR_.doInvoke(core.clj:1881)
	at clojure.lang.RestFn.invoke(RestFn.java:425)
	at clojure.tools.nrepl.middleware.interruptible_eval$evaluate.invoke(interruptible_eval.clj:56)
	at clojure.tools.nrepl.middleware.interruptible_eval$interruptible_eval$fn__7432$fn__7435.invoke(interruptible_eval.clj:191)
	at clojure.tools.nrepl.middleware.interruptible_eval$run_next$fn__7427.invoke(interruptible_eval.clj:159)
	at clojure.lang.AFn.run(AFn.java:22)
	at java.util.concurrent.ThreadPoolExecutor.runWorker(ThreadPoolExecutor.java:1142)
	at java.util.concurrent.ThreadPoolExecutor$Worker.run(ThreadPoolExecutor.java:617)
	at java.lang.Thread.run(Thread.java:745)
Caused by: java.lang.ClassNotFoundException: org.httpkit.client
	at java.net.URLClassLoader.findClass(URLClassLoader.java:381)
	at clojure.lang.DynamicClassLoader.findClass(DynamicClassLoader.java:69)
	at java.lang.ClassLoader.loadClass(ClassLoader.java:424)
	at clojure.lang.DynamicClassLoader.loadClass(DynamicClassLoader.java:77)
	at java.lang.ClassLoader.loadClass(ClassLoader.java:357)
	at java.lang.Class.forName0(Native Method)
	at java.lang.Class.forName(Class.java:348)
	at clojure.lang.RT.classForName(RT.java:2168)
	at clojure.lang.RT.classForName(RT.java:2177)
	at clojure.lang.Compiler.resolveIn(Compiler.java:7145)
	at clojure.lang.Compiler.resolve(Compiler.java:7108)
	at clojure.lang.Compiler.analyzeSymbol(Compiler.java:7069)
	at clojure.lang.Compiler.analyze(Compiler.java:6648)
	... 46 more
INFO [2016-02-28 01:23:13,687] clojure-agent-send-off-pool-1 - riemann.transport.websockets - Websockets server 0.0.0.0 5556 online
INFO [2016-02-28 01:23:13,738] clojure-agent-send-off-pool-8 - riemann.transport.tcp - TCP server 0.0.0.0 5555 online
INFO [2016-02-28 01:23:13,743] clojure-agent-send-off-pool-2 - riemann.transport.udp - UDP server 0.0.0.0 5555 16384 -1 online
INFO [2016-02-28 01:23:13,744] nREPL-worker-0 - riemann.core - Hyperspace core online
ERROR [2016-02-28 01:23:47,384] nREPL-worker-1 - riemann.bin - Couldn't reload:
java.lang.RuntimeException: Syntax error (riemann.config:38) EOF while reading, starting at line 11
	at riemann.logging$nice_syntax_error.invoke(logging.clj:167)
	at riemann.config$validate_config.invoke(config.clj:345)
	at riemann.bin$reload_BANG_.invoke(bin.clj:23)
	at user$eval618.invokeStatic(form-init3547457771809256295.clj:1)
	at user$eval618.invoke(form-init3547457771809256295.clj:1)
	at clojure.lang.Compiler.eval(Compiler.java:6927)
	at clojure.lang.Compiler.eval(Compiler.java:6890)
	at clojure.core$eval.invokeStatic(core.clj:3105)
	at clojure.core$eval.invoke(core.clj:3101)
	at clojure.main$repl$read_eval_print__7408$fn__7411.invoke(main.clj:240)
	at clojure.main$repl$read_eval_print__7408.invoke(main.clj:240)
	at clojure.main$repl$fn__7417.invoke(main.clj:258)
	at clojure.main$repl.invokeStatic(main.clj:258)
	at clojure.main$repl.doInvoke(main.clj:174)
	at clojure.lang.RestFn.invoke(RestFn.java:1523)
	at clojure.tools.nrepl.middleware.interruptible_eval$evaluate$fn__7390.invoke(interruptible_eval.clj:72)
	at clojure.lang.AFn.applyToHelper(AFn.java:152)
	at clojure.lang.AFn.applyTo(AFn.java:144)
	at clojure.core$apply.invokeStatic(core.clj:646)
	at clojure.core$with_bindings_STAR_.invokeStatic(core.clj:1881)
	at clojure.core$with_bindings_STAR_.doInvoke(core.clj:1881)
	at clojure.lang.RestFn.invoke(RestFn.java:425)
	at clojure.tools.nrepl.middleware.interruptible_eval$evaluate.invoke(interruptible_eval.clj:56)
	at clojure.tools.nrepl.middleware.interruptible_eval$interruptible_eval$fn__7432$fn__7435.invoke(interruptible_eval.clj:191)
	at clojure.tools.nrepl.middleware.interruptible_eval$run_next$fn__7427.invoke(interruptible_eval.clj:159)
	at clojure.lang.AFn.run(AFn.java:22)
	at java.util.concurrent.ThreadPoolExecutor.runWorker(ThreadPoolExecutor.java:1142)
	at java.util.concurrent.ThreadPoolExecutor$Worker.run(ThreadPoolExecutor.java:617)
	at java.lang.Thread.run(Thread.java:745)
INFO [2016-02-28 01:23:52,833] nREPL-worker-1 - riemann.pubsub - Sweeping transient subscriptions.
INFO [2016-02-28 01:23:52,935] nREPL-worker-1 - riemann.core - Hyperspace core online
INFO [2016-02-28 01:24:02,256] nREPL-worker-1 - riemann.pubsub - Sweeping transient subscriptions.
INFO [2016-02-28 01:24:02,309] nREPL-worker-1 - riemann.core - Hyperspace core online
INFO [2016-02-28 01:24:21,541] nREPL-worker-1 - riemann.pubsub - Sweeping transient subscriptions.
INFO [2016-02-28 01:24:21,737] nREPL-worker-1 - riemann.core - Hyperspace core online
ERROR [2016-02-28 01:30:30,833] nREPL-worker-3 - riemann.bin - Couldn't reload:
java.lang.RuntimeException: Syntax error (riemann.config:45) EOF while reading, starting at line 14
	at riemann.logging$nice_syntax_error.invoke(logging.clj:167)
	at riemann.config$validate_config.invoke(config.clj:345)
	at riemann.bin$reload_BANG_.invoke(bin.clj:23)
	at user$eval983.invokeStatic(form-init3547457771809256295.clj:1)
	at user$eval983.invoke(form-init3547457771809256295.clj:1)
	at clojure.lang.Compiler.eval(Compiler.java:6927)
	at clojure.lang.Compiler.eval(Compiler.java:6890)
	at clojure.core$eval.invokeStatic(core.clj:3105)
	at clojure.core$eval.invoke(core.clj:3101)
	at clojure.main$repl$read_eval_print__7408$fn__7411.invoke(main.clj:240)
	at clojure.main$repl$read_eval_print__7408.invoke(main.clj:240)
	at clojure.main$repl$fn__7417.invoke(main.clj:258)
	at clojure.main$repl.invokeStatic(main.clj:258)
	at clojure.main$repl.doInvoke(main.clj:174)
	at clojure.lang.RestFn.invoke(RestFn.java:1523)
	at clojure.tools.nrepl.middleware.interruptible_eval$evaluate$fn__7390.invoke(interruptible_eval.clj:72)
	at clojure.lang.AFn.applyToHelper(AFn.java:152)
	at clojure.lang.AFn.applyTo(AFn.java:144)
	at clojure.core$apply.invokeStatic(core.clj:646)
	at clojure.core$with_bindings_STAR_.invokeStatic(core.clj:1881)
	at clojure.core$with_bindings_STAR_.doInvoke(core.clj:1881)
	at clojure.lang.RestFn.invoke(RestFn.java:425)
	at clojure.tools.nrepl.middleware.interruptible_eval$evaluate.invoke(interruptible_eval.clj:56)
	at clojure.tools.nrepl.middleware.interruptible_eval$interruptible_eval$fn__7432$fn__7435.invoke(interruptible_eval.clj:191)
	at clojure.tools.nrepl.middleware.interruptible_eval$run_next$fn__7427.invoke(interruptible_eval.clj:159)
	at clojure.lang.AFn.run(AFn.java:22)
	at java.util.concurrent.ThreadPoolExecutor.runWorker(ThreadPoolExecutor.java:1142)
	at java.util.concurrent.ThreadPoolExecutor$Worker.run(ThreadPoolExecutor.java:617)
	at java.lang.Thread.run(Thread.java:745)
INFO [2016-02-28 01:30:40,558] nREPL-worker-3 - riemann.pubsub - Sweeping transient subscriptions.
INFO [2016-02-28 01:30:40,614] clojure-agent-send-off-pool-11 - riemann.service - Executor Service :elastic-search starting
INFO [2016-02-28 01:30:40,616] nREPL-worker-3 - riemann.core - Hyperspace core online
INFO [2016-02-28 01:30:42,385] nREPL-worker-3 - riemann.pubsub - Sweeping transient subscriptions.
INFO [2016-02-28 01:30:42,424] nREPL-worker-3 - riemann.core - Hyperspace core online
INFO [2016-02-28 01:30:57,518] nREPL-worker-3 - riemann.pubsub - Sweeping transient subscriptions.
INFO [2016-02-28 01:30:57,531] nREPL-worker-3 - riemann.core - Hyperspace core online
INFO [2016-02-28 01:31:37,598] nREPL-worker-3 - riemann.pubsub - Sweeping transient subscriptions.
INFO [2016-02-28 01:31:37,611] nREPL-worker-3 - riemann.core - Hyperspace core online
INFO [2016-02-28 01:31:53,898] defaultEventExecutorGroup-2-3 - riemann.config - cpu sef
INFO [2016-02-28 01:31:53,952] defaultEventExecutorGroup-2-3 - riemann.config - memory sef
INFO [2016-02-28 01:31:53,954] defaultEventExecutorGroup-2-3 - riemann.config - disk / sef
INFO [2016-02-28 01:31:53,956] defaultEventExecutorGroup-2-3 - riemann.config - load sef
INFO [2016-02-28 01:31:54,269] Thread-11 - riemann.config - riemann streams rate sef
INFO [2016-02-28 01:31:54,269] Thread-11 - riemann.config - riemann streams latency 0.0 sef
INFO [2016-02-28 01:31:54,269] Thread-11 - riemann.config - riemann streams latency 0.5 sef
INFO [2016-02-28 01:31:54,270] Thread-11 - riemann.config - riemann streams latency 0.95 sef
INFO [2016-02-28 01:31:54,270] Thread-11 - riemann.config - riemann streams latency 0.99 sef
INFO [2016-02-28 01:31:54,270] Thread-11 - riemann.config - riemann streams latency 0.999 sef
INFO [2016-02-28 01:31:54,270] Thread-11 - riemann.config - riemann netty event-executor threads active sef
INFO [2016-02-28 01:31:54,270] Thread-11 - riemann.config - riemann index size sef
INFO [2016-02-28 01:31:54,270] Thread-11 - riemann.config - riemann executor elastic-search accepted rate sef
INFO [2016-02-28 01:31:54,270] Thread-11 - riemann.config - riemann executor elastic-search completed rate sef
INFO [2016-02-28 01:31:54,271] Thread-11 - riemann.config - riemann executor elastic-search rejected rate sef
INFO [2016-02-28 01:31:54,271] Thread-11 - riemann.config - riemann executor elastic-search queue capacity sef
INFO [2016-02-28 01:31:54,271] Thread-11 - riemann.config - riemann executor elastic-search queue size sef
INFO [2016-02-28 01:31:54,271] Thread-11 - riemann.config - riemann executor elastic-search queue used sef
INFO [2016-02-28 01:31:54,271] Thread-11 - riemann.config - riemann executor elastic-search threads active sef
INFO [2016-02-28 01:31:54,271] Thread-11 - riemann.config - riemann executor elastic-search threads alive sef
INFO [2016-02-28 01:31:54,271] Thread-11 - riemann.config - riemann server tcp 0.0.0.0:5555 conns sef
INFO [2016-02-28 01:31:54,272] Thread-11 - riemann.config - riemann server tcp 0.0.0.0:5555 in rate sef
INFO [2016-02-28 01:31:54,272] Thread-11 - riemann.config - riemann server tcp 0.0.0.0:5555 in latency 0.0 sef
INFO [2016-02-28 01:31:54,272] Thread-11 - riemann.config - riemann server tcp 0.0.0.0:5555 in latency 0.5 sef
INFO [2016-02-28 01:31:54,272] Thread-11 - riemann.config - riemann server tcp 0.0.0.0:5555 in latency 0.95 sef
INFO [2016-02-28 01:31:54,272] Thread-11 - riemann.config - riemann server tcp 0.0.0.0:5555 in latency 0.99 sef
INFO [2016-02-28 01:31:54,273] Thread-11 - riemann.config - riemann server tcp 0.0.0.0:5555 in latency 0.999 sef
INFO [2016-02-28 01:31:54,273] Thread-11 - riemann.config - riemann server udp 0.0.0.0:5555 in rate sef
INFO [2016-02-28 01:31:54,273] Thread-11 - riemann.config - riemann server udp 0.0.0.0:5555 in latency 0.0 sef
INFO [2016-02-28 01:31:54,273] Thread-11 - riemann.config - riemann server udp 0.0.0.0:5555 in latency 0.5 sef
INFO [2016-02-28 01:31:54,273] Thread-11 - riemann.config - riemann server udp 0.0.0.0:5555 in latency 0.95 sef
INFO [2016-02-28 01:31:54,273] Thread-11 - riemann.config - riemann server udp 0.0.0.0:5555 in latency 0.99 sef
INFO [2016-02-28 01:31:54,274] Thread-11 - riemann.config - riemann server udp 0.0.0.0:5555 in latency 0.999 sef
INFO [2016-02-28 01:31:54,274] Thread-11 - riemann.config - riemann server ws 0.0.0.0:5556 conns sef
INFO [2016-02-28 01:31:54,274] Thread-11 - riemann.config - riemann server ws 0.0.0.0:5556 out rate sef
INFO [2016-02-28 01:31:54,275] Thread-11 - riemann.config - riemann server ws 0.0.0.0:5556 in rate sef
INFO [2016-02-28 01:31:54,275] Thread-11 - riemann.config - riemann server ws 0.0.0.0:5556 out latency 0.0 sef
INFO [2016-02-28 01:31:54,275] Thread-11 - riemann.config - riemann server ws 0.0.0.0:5556 out latency 0.5 sef
INFO [2016-02-28 01:31:54,275] Thread-11 - riemann.config - riemann server ws 0.0.0.0:5556 out latency 0.95 sef
INFO [2016-02-28 01:31:54,275] Thread-11 - riemann.config - riemann server ws 0.0.0.0:5556 out latency 0.99 sef
INFO [2016-02-28 01:31:54,275] Thread-11 - riemann.config - riemann server ws 0.0.0.0:5556 out latency 0.999 sef
INFO [2016-02-28 01:31:54,276] Thread-11 - riemann.config - riemann server ws 0.0.0.0:5556 in latency 0.0 sef
INFO [2016-02-28 01:31:54,276] Thread-11 - riemann.config - riemann server ws 0.0.0.0:5556 in latency 0.5 sef
INFO [2016-02-28 01:31:54,276] Thread-11 - riemann.config - riemann server ws 0.0.0.0:5556 in latency 0.95 sef
INFO [2016-02-28 01:31:54,276] Thread-11 - riemann.config - riemann server ws 0.0.0.0:5556 in latency 0.99 sef
INFO [2016-02-28 01:31:54,276] Thread-11 - riemann.config - riemann server ws 0.0.0.0:5556 in latency 0.999 sef
INFO [2016-02-28 01:31:59,023] defaultEventExecutorGroup-2-3 - riemann.config - cpu sef
INFO [2016-02-28 01:31:59,048] defaultEventExecutorGroup-2-3 - riemann.config - memory sef
INFO [2016-02-28 01:31:59,050] defaultEventExecutorGroup-2-3 - riemann.config - disk / sef
INFO [2016-02-28 01:31:59,051] defaultEventExecutorGroup-2-3 - riemann.config - load sef
INFO [2016-02-28 01:32:03,848] defaultEventExecutorGroup-2-3 - riemann.config - cpu sef
INFO [2016-02-28 01:32:03,872] defaultEventExecutorGroup-2-3 - riemann.config - memory sef
INFO [2016-02-28 01:32:03,873] defaultEventExecutorGroup-2-3 - riemann.config - disk / sef
INFO [2016-02-28 01:32:03,875] defaultEventExecutorGroup-2-3 - riemann.config - load sef
INFO [2016-02-28 01:32:04,287] Thread-11 - riemann.config - riemann streams rate sef
INFO [2016-02-28 01:32:04,288] Thread-11 - riemann.config - riemann streams latency 0.0 sef
INFO [2016-02-28 01:32:04,288] Thread-11 - riemann.config - riemann streams latency 0.5 sef
INFO [2016-02-28 01:32:04,288] Thread-11 - riemann.config - riemann streams latency 0.95 sef
INFO [2016-02-28 01:32:04,288] Thread-11 - riemann.config - riemann streams latency 0.99 sef
INFO [2016-02-28 01:32:04,289] Thread-11 - riemann.config - riemann streams latency 0.999 sef
INFO [2016-02-28 01:32:04,289] Thread-11 - riemann.config - riemann netty event-executor threads active sef
INFO [2016-02-28 01:32:04,289] Thread-11 - riemann.config - riemann index size sef
INFO [2016-02-28 01:32:04,289] Thread-11 - riemann.config - riemann executor elastic-search accepted rate sef
INFO [2016-02-28 01:32:04,289] Thread-11 - riemann.config - riemann executor elastic-search completed rate sef
INFO [2016-02-28 01:32:04,290] Thread-11 - riemann.config - riemann executor elastic-search rejected rate sef
INFO [2016-02-28 01:32:04,290] Thread-11 - riemann.config - riemann executor elastic-search queue capacity sef
INFO [2016-02-28 01:32:04,290] Thread-11 - riemann.config - riemann executor elastic-search queue size sef
INFO [2016-02-28 01:32:04,290] Thread-11 - riemann.config - riemann executor elastic-search queue used sef
INFO [2016-02-28 01:32:04,290] Thread-11 - riemann.config - riemann executor elastic-search threads active sef
INFO [2016-02-28 01:32:04,290] Thread-11 - riemann.config - riemann executor elastic-search threads alive sef
INFO [2016-02-28 01:32:04,291] Thread-11 - riemann.config - riemann server tcp 0.0.0.0:5555 conns sef
INFO [2016-02-28 01:32:04,291] Thread-11 - riemann.config - riemann server tcp 0.0.0.0:5555 in rate sef
INFO [2016-02-28 01:32:04,291] Thread-11 - riemann.config - riemann server tcp 0.0.0.0:5555 in latency 0.0 sef
INFO [2016-02-28 01:32:04,291] Thread-11 - riemann.config - riemann server tcp 0.0.0.0:5555 in latency 0.5 sef
INFO [2016-02-28 01:32:04,291] Thread-11 - riemann.config - riemann server tcp 0.0.0.0:5555 in latency 0.95 sef
INFO [2016-02-28 01:32:04,292] Thread-11 - riemann.config - riemann server tcp 0.0.0.0:5555 in latency 0.99 sef
INFO [2016-02-28 01:32:04,292] Thread-11 - riemann.config - riemann server tcp 0.0.0.0:5555 in latency 0.999 sef
INFO [2016-02-28 01:32:04,292] Thread-11 - riemann.config - riemann server udp 0.0.0.0:5555 in rate sef
INFO [2016-02-28 01:32:04,292] Thread-11 - riemann.config - riemann server udp 0.0.0.0:5555 in latency 0.0 sef
INFO [2016-02-28 01:32:04,292] Thread-11 - riemann.config - riemann server udp 0.0.0.0:5555 in latency 0.5 sef
INFO [2016-02-28 01:32:04,293] Thread-11 - riemann.config - riemann server udp 0.0.0.0:5555 in latency 0.95 sef
INFO [2016-02-28 01:32:04,293] Thread-11 - riemann.config - riemann server udp 0.0.0.0:5555 in latency 0.99 sef
INFO [2016-02-28 01:32:04,293] Thread-11 - riemann.config - riemann server udp 0.0.0.0:5555 in latency 0.999 sef
INFO [2016-02-28 01:32:04,294] Thread-11 - riemann.config - riemann server ws 0.0.0.0:5556 conns sef
INFO [2016-02-28 01:32:04,294] Thread-11 - riemann.config - riemann server ws 0.0.0.0:5556 out rate sef
INFO [2016-02-28 01:32:04,294] Thread-11 - riemann.config - riemann server ws 0.0.0.0:5556 in rate sef
INFO [2016-02-28 01:32:04,295] Thread-11 - riemann.config - riemann server ws 0.0.0.0:5556 out latency 0.0 sef
INFO [2016-02-28 01:32:04,295] Thread-11 - riemann.config - riemann server ws 0.0.0.0:5556 out latency 0.5 sef
INFO [2016-02-28 01:32:04,295] Thread-11 - riemann.config - riemann server ws 0.0.0.0:5556 out latency 0.95 sef
INFO [2016-02-28 01:32:04,295] Thread-11 - riemann.config - riemann server ws 0.0.0.0:5556 out latency 0.99 sef
INFO [2016-02-28 01:32:04,296] Thread-11 - riemann.config - riemann server ws 0.0.0.0:5556 out latency 0.999 sef
INFO [2016-02-28 01:32:04,296] Thread-11 - riemann.config - riemann server ws 0.0.0.0:5556 in latency 0.0 sef
INFO [2016-02-28 01:32:04,296] Thread-11 - riemann.config - riemann server ws 0.0.0.0:5556 in latency 0.5 sef
INFO [2016-02-28 01:32:04,296] Thread-11 - riemann.config - riemann server ws 0.0.0.0:5556 in latency 0.95 sef
INFO [2016-02-28 01:32:04,296] Thread-11 - riemann.config - riemann server ws 0.0.0.0:5556 in latency 0.99 sef
INFO [2016-02-28 01:32:04,297] Thread-11 - riemann.config - riemann server ws 0.0.0.0:5556 in latency 0.999 sef
INFO [2016-02-28 01:32:09,024] defaultEventExecutorGroup-2-3 - riemann.config - cpu sef
INFO [2016-02-28 01:32:09,051] defaultEventExecutorGroup-2-3 - riemann.config - memory sef
INFO [2016-02-28 01:32:09,053] defaultEventExecutorGroup-2-3 - riemann.config - disk / sef
INFO [2016-02-28 01:32:09,055] defaultEventExecutorGroup-2-3 - riemann.config - load sef
INFO [2016-02-28 01:32:13,849] defaultEventExecutorGroup-2-3 - riemann.config - cpu sef
INFO [2016-02-28 01:32:13,873] defaultEventExecutorGroup-2-3 - riemann.config - memory sef
INFO [2016-02-28 01:32:13,875] defaultEventExecutorGroup-2-3 - riemann.config - disk / sef
INFO [2016-02-28 01:32:13,876] defaultEventExecutorGroup-2-3 - riemann.config - load sef
INFO [2016-02-28 01:32:14,309] Thread-11 - riemann.config - riemann streams rate sef
INFO [2016-02-28 01:32:14,310] Thread-11 - riemann.config - riemann streams latency 0.0 sef
INFO [2016-02-28 01:32:14,310] Thread-11 - riemann.config - riemann streams latency 0.5 sef
INFO [2016-02-28 01:32:14,310] Thread-11 - riemann.config - riemann streams latency 0.95 sef
INFO [2016-02-28 01:32:14,310] Thread-11 - riemann.config - riemann streams latency 0.99 sef
INFO [2016-02-28 01:32:14,310] Thread-11 - riemann.config - riemann streams latency 0.999 sef
INFO [2016-02-28 01:32:14,310] Thread-11 - riemann.config - riemann netty event-executor threads active sef
INFO [2016-02-28 01:32:14,310] Thread-11 - riemann.config - riemann index size sef
INFO [2016-02-28 01:32:14,311] Thread-11 - riemann.config - riemann executor elastic-search accepted rate sef
INFO [2016-02-28 01:32:14,311] Thread-11 - riemann.config - riemann executor elastic-search completed rate sef
INFO [2016-02-28 01:32:14,311] Thread-11 - riemann.config - riemann executor elastic-search rejected rate sef
INFO [2016-02-28 01:32:14,311] Thread-11 - riemann.config - riemann executor elastic-search queue capacity sef
INFO [2016-02-28 01:32:14,311] Thread-11 - riemann.config - riemann executor elastic-search queue size sef
INFO [2016-02-28 01:32:14,312] Thread-11 - riemann.config - riemann executor elastic-search queue used sef
INFO [2016-02-28 01:32:14,312] Thread-11 - riemann.config - riemann executor elastic-search threads active sef
INFO [2016-02-28 01:32:14,312] Thread-11 - riemann.config - riemann executor elastic-search threads alive sef
INFO [2016-02-28 01:32:14,312] Thread-11 - riemann.config - riemann server tcp 0.0.0.0:5555 conns sef
INFO [2016-02-28 01:32:14,312] Thread-11 - riemann.config - riemann server tcp 0.0.0.0:5555 in rate sef
INFO [2016-02-28 01:32:14,312] Thread-11 - riemann.config - riemann server tcp 0.0.0.0:5555 in latency 0.0 sef
INFO [2016-02-28 01:32:14,312] Thread-11 - riemann.config - riemann server tcp 0.0.0.0:5555 in latency 0.5 sef
INFO [2016-02-28 01:32:14,313] Thread-11 - riemann.config - riemann server tcp 0.0.0.0:5555 in latency 0.95 sef
INFO [2016-02-28 01:32:14,313] Thread-11 - riemann.config - riemann server tcp 0.0.0.0:5555 in latency 0.99 sef
INFO [2016-02-28 01:32:14,313] Thread-11 - riemann.config - riemann server tcp 0.0.0.0:5555 in latency 0.999 sef
INFO [2016-02-28 01:32:14,313] Thread-11 - riemann.config - riemann server udp 0.0.0.0:5555 in rate sef
INFO [2016-02-28 01:32:14,313] Thread-11 - riemann.config - riemann server udp 0.0.0.0:5555 in latency 0.0 sef
INFO [2016-02-28 01:32:14,313] Thread-11 - riemann.config - riemann server udp 0.0.0.0:5555 in latency 0.5 sef
INFO [2016-02-28 01:32:14,313] Thread-11 - riemann.config - riemann server udp 0.0.0.0:5555 in latency 0.95 sef
INFO [2016-02-28 01:32:14,313] Thread-11 - riemann.config - riemann server udp 0.0.0.0:5555 in latency 0.99 sef
INFO [2016-02-28 01:32:14,314] Thread-11 - riemann.config - riemann server udp 0.0.0.0:5555 in latency 0.999 sef
INFO [2016-02-28 01:32:14,314] Thread-11 - riemann.config - riemann server ws 0.0.0.0:5556 conns sef
INFO [2016-02-28 01:32:14,314] Thread-11 - riemann.config - riemann server ws 0.0.0.0:5556 out rate sef
INFO [2016-02-28 01:32:14,314] Thread-11 - riemann.config - riemann server ws 0.0.0.0:5556 in rate sef
INFO [2016-02-28 01:32:14,314] Thread-11 - riemann.config - riemann server ws 0.0.0.0:5556 out latency 0.0 sef
INFO [2016-02-28 01:32:14,314] Thread-11 - riemann.config - riemann server ws 0.0.0.0:5556 out latency 0.5 sef
INFO [2016-02-28 01:32:14,314] Thread-11 - riemann.config - riemann server ws 0.0.0.0:5556 out latency 0.95 sef
INFO [2016-02-28 01:32:14,314] Thread-11 - riemann.config - riemann server ws 0.0.0.0:5556 out latency 0.99 sef
INFO [2016-02-28 01:32:14,315] Thread-11 - riemann.config - riemann server ws 0.0.0.0:5556 out latency 0.999 sef
INFO [2016-02-28 01:32:14,315] Thread-11 - riemann.config - riemann server ws 0.0.0.0:5556 in latency 0.0 sef
INFO [2016-02-28 01:32:14,315] Thread-11 - riemann.config - riemann server ws 0.0.0.0:5556 in latency 0.5 sef
INFO [2016-02-28 01:32:14,315] Thread-11 - riemann.config - riemann server ws 0.0.0.0:5556 in latency 0.95 sef
INFO [2016-02-28 01:32:14,315] Thread-11 - riemann.config - riemann server ws 0.0.0.0:5556 in latency 0.99 sef
INFO [2016-02-28 01:32:14,315] Thread-11 - riemann.config - riemann server ws 0.0.0.0:5556 in latency 0.999 sef
INFO [2016-02-28 01:32:17,623] nREPL-worker-4 - riemann.core - Hyperspace core online
INFO [2016-02-28 01:32:24,332] Thread-11 - riemann.config - riemann streams rate sef
INFO [2016-02-28 01:32:24,336] Thread-11 - riemann.config - riemann streams latency 0.0 sef
INFO [2016-02-28 01:32:24,336] Thread-11 - riemann.config - riemann streams latency 0.5 sef
INFO [2016-02-28 01:32:24,336] Thread-11 - riemann.config - riemann streams latency 0.95 sef
INFO [2016-02-28 01:32:24,336] Thread-11 - riemann.config - riemann streams latency 0.99 sef
INFO [2016-02-28 01:32:24,336] Thread-11 - riemann.config - riemann streams latency 0.999 sef
INFO [2016-02-28 01:32:24,336] Thread-11 - riemann.config - riemann netty event-executor threads active sef
INFO [2016-02-28 01:32:24,336] Thread-11 - riemann.config - riemann index size sef
INFO [2016-02-28 01:32:24,336] Thread-11 - riemann.config - riemann executor elastic-search accepted rate sef
INFO [2016-02-28 01:32:24,336] Thread-11 - riemann.config - riemann executor elastic-search completed rate sef
INFO [2016-02-28 01:32:24,337] Thread-11 - riemann.config - riemann executor elastic-search rejected rate sef
INFO [2016-02-28 01:32:24,337] Thread-11 - riemann.config - riemann executor elastic-search queue capacity sef
INFO [2016-02-28 01:32:24,337] Thread-11 - riemann.config - riemann executor elastic-search queue size sef
INFO [2016-02-28 01:32:24,337] Thread-11 - riemann.config - riemann executor elastic-search queue used sef
INFO [2016-02-28 01:32:24,337] Thread-11 - riemann.config - riemann executor elastic-search threads active sef
INFO [2016-02-28 01:32:24,337] Thread-11 - riemann.config - riemann executor elastic-search threads alive sef
INFO [2016-02-28 01:32:24,337] Thread-11 - riemann.config - riemann server tcp 0.0.0.0:5555 conns sef
INFO [2016-02-28 01:32:24,338] Thread-11 - riemann.config - riemann server tcp 0.0.0.0:5555 in rate sef
INFO [2016-02-28 01:32:24,338] Thread-11 - riemann.config - riemann server tcp 0.0.0.0:5555 in latency 0.0 sef
INFO [2016-02-28 01:32:24,338] Thread-11 - riemann.config - riemann server tcp 0.0.0.0:5555 in latency 0.5 sef
INFO [2016-02-28 01:32:24,338] Thread-11 - riemann.config - riemann server tcp 0.0.0.0:5555 in latency 0.95 sef
INFO [2016-02-28 01:32:24,338] Thread-11 - riemann.config - riemann server tcp 0.0.0.0:5555 in latency 0.99 sef
INFO [2016-02-28 01:32:24,338] Thread-11 - riemann.config - riemann server tcp 0.0.0.0:5555 in latency 0.999 sef
INFO [2016-02-28 01:32:24,338] Thread-11 - riemann.config - riemann server udp 0.0.0.0:5555 in rate sef
INFO [2016-02-28 01:32:24,339] Thread-11 - riemann.config - riemann server udp 0.0.0.0:5555 in latency 0.0 sef
INFO [2016-02-28 01:32:24,339] Thread-11 - riemann.config - riemann server udp 0.0.0.0:5555 in latency 0.5 sef
INFO [2016-02-28 01:32:24,339] Thread-11 - riemann.config - riemann server udp 0.0.0.0:5555 in latency 0.95 sef
INFO [2016-02-28 01:32:24,339] Thread-11 - riemann.config - riemann server udp 0.0.0.0:5555 in latency 0.99 sef
INFO [2016-02-28 01:32:24,340] Thread-11 - riemann.config - riemann server udp 0.0.0.0:5555 in latency 0.999 sef
INFO [2016-02-28 01:32:24,340] Thread-11 - riemann.config - riemann server ws 0.0.0.0:5556 conns sef
INFO [2016-02-28 01:32:24,340] Thread-11 - riemann.config - riemann server ws 0.0.0.0:5556 out rate sef
INFO [2016-02-28 01:32:24,340] Thread-11 - riemann.config - riemann server ws 0.0.0.0:5556 in rate sef
INFO [2016-02-28 01:32:24,340] Thread-11 - riemann.config - riemann server ws 0.0.0.0:5556 out latency 0.0 sef
INFO [2016-02-28 01:32:24,341] Thread-11 - riemann.config - riemann server ws 0.0.0.0:5556 out latency 0.5 sef
INFO [2016-02-28 01:32:24,341] Thread-11 - riemann.config - riemann server ws 0.0.0.0:5556 out latency 0.95 sef
INFO [2016-02-28 01:32:24,341] Thread-11 - riemann.config - riemann server ws 0.0.0.0:5556 out latency 0.99 sef
INFO [2016-02-28 01:32:24,341] Thread-11 - riemann.config - riemann server ws 0.0.0.0:5556 out latency 0.999 sef
INFO [2016-02-28 01:32:24,341] Thread-11 - riemann.config - riemann server ws 0.0.0.0:5556 in latency 0.0 sef
INFO [2016-02-28 01:32:24,341] Thread-11 - riemann.config - riemann server ws 0.0.0.0:5556 in latency 0.5 sef
INFO [2016-02-28 01:32:24,342] Thread-11 - riemann.config - riemann server ws 0.0.0.0:5556 in latency 0.95 sef
INFO [2016-02-28 01:32:24,343] Thread-11 - riemann.config - riemann server ws 0.0.0.0:5556 in latency 0.99 sef
INFO [2016-02-28 01:32:24,343] Thread-11 - riemann.config - riemann server ws 0.0.0.0:5556 in latency 0.999 sef
INFO [2016-02-28 01:32:36,816] nREPL-worker-4 - riemann.core - Hyperspace core online
INFO [2016-02-28 01:33:06,706] nREPL-worker-4 - riemann.pubsub - Sweeping transient subscriptions.
INFO [2016-02-28 01:33:06,718] nREPL-worker-4 - riemann.core - Hyperspace core online
INFO [2016-02-28 01:33:19,333] nREPL-worker-4 - riemann.pubsub - Sweeping transient subscriptions.
INFO [2016-02-28 01:33:19,341] nREPL-worker-4 - riemann.core - Hyperspace core online
INFO [2016-02-28 01:34:07,523] nREPL-worker-5 - riemann.pubsub - Sweeping transient subscriptions.
INFO [2016-02-28 01:34:07,536] nREPL-worker-5 - riemann.core - Hyperspace core online
INFO [2016-02-28 01:34:39,702] nREPL-worker-6 - riemann.pubsub - Sweeping transient subscriptions.
INFO [2016-02-28 01:34:39,710] nREPL-worker-6 - riemann.core - Hyperspace core online
INFO [2016-02-28 01:35:14,817] nREPL-worker-7 - riemann.pubsub - Sweeping transient subscriptions.
INFO [2016-02-28 01:35:14,825] clojure-agent-send-off-pool-13 - riemann.service - Executor Service :elastic-search stopping
INFO [2016-02-28 01:35:14,827] clojure-agent-send-off-pool-13 - riemann.service - Executor Service :elastic-search starting
INFO [2016-02-28 01:35:14,827] nREPL-worker-7 - riemann.core - Hyperspace core online
WARN [2016-02-28 01:35:24,533] Thread-11 - riemann.core - instrumentation service caught
java.util.concurrent.RejectedExecutionException: ExecutorServiceService :elastic-search isn't running.
	at riemann.service.ExecutorServiceService.execute(service.clj:181)
	at riemann.streams$execute_on$stream__3889.invoke(streams.clj:267)
	at riemann.core$stream_BANG_$fn__5727.invoke(core.clj:19)
	at riemann.core$stream_BANG_.invoke(core.clj:18)
	at riemann.core$instrumentation_service$measure__5736.invoke(core.clj:57)
	at riemann.service.ThreadService$thread_service_runner__3283$fn__3284.invoke(service.clj:71)
	at riemann.service.ThreadService$thread_service_runner__3283.invoke(service.clj:70)
	at clojure.lang.AFn.run(AFn.java:22)
	at java.lang.Thread.run(Thread.java:745)
INFO [2016-02-28 01:35:27,381] nREPL-worker-7 - riemann.pubsub - Sweeping transient subscriptions.
INFO [2016-02-28 01:35:27,392] nREPL-worker-7 - riemann.core - Hyperspace core online
INFO [2016-02-28 01:36:09,204] clojure-agent-send-off-pool-0 - riemann.service - Executor Service :elastic-search starting
INFO [2016-02-28 01:36:09,234] clojure-agent-send-off-pool-3 - riemann.transport.websockets - Websockets server 0.0.0.0 5556 online
INFO [2016-02-28 01:36:09,281] clojure-agent-send-off-pool-3 - riemann.transport.tcp - TCP server 0.0.0.0 5555 online
INFO [2016-02-28 01:36:09,282] clojure-agent-send-off-pool-1 - riemann.transport.udp - UDP server 0.0.0.0 5555 16384 -1 online
INFO [2016-02-28 01:36:09,284] nREPL-worker-0 - riemann.core - Hyperspace core online
INFO [2016-02-28 01:37:03,509] nREPL-worker-1 - riemann.pubsub - Sweeping transient subscriptions.
INFO [2016-02-28 01:37:03,546] nREPL-worker-1 - riemann.core - Hyperspace core online
ERROR [2016-02-28 01:37:44,046] nREPL-worker-2 - riemann.bin - Couldn't reload:
java.lang.RuntimeException: Syntax error (riemann.config:47) EOF while reading, starting at line 15
	at riemann.logging$nice_syntax_error.invoke(logging.clj:167)
	at riemann.config$validate_config.invoke(config.clj:345)
	at riemann.bin$reload_BANG_.invoke(bin.clj:23)
	at user$eval518.invokeStatic(form-init251656550148861878.clj:1)
	at user$eval518.invoke(form-init251656550148861878.clj:1)
	at clojure.lang.Compiler.eval(Compiler.java:6927)
	at clojure.lang.Compiler.eval(Compiler.java:6890)
	at clojure.core$eval.invokeStatic(core.clj:3105)
	at clojure.core$eval.invoke(core.clj:3101)
	at clojure.main$repl$read_eval_print__7408$fn__7411.invoke(main.clj:240)
	at clojure.main$repl$read_eval_print__7408.invoke(main.clj:240)
	at clojure.main$repl$fn__7417.invoke(main.clj:258)
	at clojure.main$repl.invokeStatic(main.clj:258)
	at clojure.main$repl.doInvoke(main.clj:174)
	at clojure.lang.RestFn.invoke(RestFn.java:1523)
	at clojure.tools.nrepl.middleware.interruptible_eval$evaluate$fn__7390.invoke(interruptible_eval.clj:72)
	at clojure.lang.AFn.applyToHelper(AFn.java:152)
	at clojure.lang.AFn.applyTo(AFn.java:144)
	at clojure.core$apply.invokeStatic(core.clj:646)
	at clojure.core$with_bindings_STAR_.invokeStatic(core.clj:1881)
	at clojure.core$with_bindings_STAR_.doInvoke(core.clj:1881)
	at clojure.lang.RestFn.invoke(RestFn.java:425)
	at clojure.tools.nrepl.middleware.interruptible_eval$evaluate.invoke(interruptible_eval.clj:56)
	at clojure.tools.nrepl.middleware.interruptible_eval$interruptible_eval$fn__7432$fn__7435.invoke(interruptible_eval.clj:191)
	at clojure.tools.nrepl.middleware.interruptible_eval$run_next$fn__7427.invoke(interruptible_eval.clj:159)
	at clojure.lang.AFn.run(AFn.java:22)
	at java.util.concurrent.ThreadPoolExecutor.runWorker(ThreadPoolExecutor.java:1142)
	at java.util.concurrent.ThreadPoolExecutor$Worker.run(ThreadPoolExecutor.java:617)
	at java.lang.Thread.run(Thread.java:745)
INFO [2016-02-28 01:38:01,327] nREPL-worker-2 - riemann.pubsub - Sweeping transient subscriptions.
INFO [2016-02-28 01:38:01,343] nREPL-worker-2 - riemann.core - Hyperspace core online
INFO [2016-02-28 01:38:31,523] nREPL-worker-2 - riemann.pubsub - Sweeping transient subscriptions.
INFO [2016-02-28 01:38:31,535] nREPL-worker-2 - riemann.core - Hyperspace core online
INFO [2016-02-28 01:38:50,034] nREPL-worker-2 - riemann.pubsub - Sweeping transient subscriptions.
INFO [2016-02-28 01:38:50,049] nREPL-worker-2 - riemann.core - Hyperspace core online
